<?xml version="1.0" encoding="UTF-8"?>
<!-- Generated by org.testng.reporters.JUnitReportReporter -->
<testsuite hostname="DESKTOP-1I2RTCU" failures="0" tests="2" name="Project.Framework.Base" time="34.270" errors="0" timestamp="2020-10-02T15:18:05 IST" skipped="0">
  <testcase classname="Project.Framework.Base" name="n" time="31.819"/>
  <system-out/>
  <testcase classname="Project.Framework.Base" name="n" time="2.451"/>
  <system-out/>
</testsuite> <!-- Project.Framework.Base -->
