<?xml version="1.0" encoding="UTF-8"?>
<!-- Generated by org.testng.reporters.JUnitReportReporter -->
<testsuite hostname="DESKTOP-1I2RTCU" failures="1" tests="1" name="Project.Framework.validate" time="24.841" errors="0" timestamp="2020-10-02T15:18:05 IST" skipped="0">
  <testcase classname="Project.Framework.validate" name="n" time="24.841">
    <failure message="expected [FEATURED COUR] but found [FEATURED COURSES]" type="java.lang.AssertionError">
      <![CDATA[java.lang.AssertionError: expected [FEATURED COUR] but found [FEATURED COURSES]
at Project.Framework.validate.n(validate.java:34)
at java.base/java.lang.Thread.run(Thread.java:830)
]]>
    </failure>
  </testcase> <!-- n -->
  <system-out/>
</testsuite> <!-- Project.Framework.validate -->
