<?xml version="1.0" encoding="UTF-8"?>
<!-- Generated by org.testng.reporters.JUnitReportReporter -->
<testsuite hostname="DESKTOP-1I2RTCU" failures="0" tests="2" name="Project.Framework.Base" time="44.264" errors="0" timestamp="2020-09-21T20:19:14 IST" skipped="0">
  <testcase classname="Project.Framework.Base" name="n" time="41.275"/>
  <system-out/>
  <testcase classname="Project.Framework.Base" name="n" time="2.989"/>
  <system-out/>
</testsuite> <!-- Project.Framework.Base -->
